
  [32m[1mVITE[22m v5.4.21[39m  [2mready in [0m[1m702[22m[2m[0m ms[22m

  [32mΓ₧£[39m  [1mLocal[22m:   [36mhttp://localhost:[1m5173[22m/[39m
  [32mΓ₧£[39m  [1mNetwork[22m: [36mhttp://10.203.147.42:[1m5173[22m/[39m
[2m[32m  Γ₧£[39m[22m[2m  press [22m[1mh + enter[22m[2m to show help[22m
[2m4:43:08 PM[22m [36m[1m[vite][22m[39m [32mvite.config.ts changed, restarting server...[39m
[2m4:43:08 PM[22m [36m[1m[vite][22m[39m server restarted.
[2m4:43:16 PM[22m [36m[1m[vite][22m[39m [32mhmr update [39m[2m/src/pages/Admin/AdminPanel.tsx, /src/index.css[22m
[2m4:44:14 PM[22m [36m[1m[vite][22m[39m [32mhmr update [39m[2m/src/App.tsx, /src/index.css[22m
[2m4:44:23 PM[22m [36m[1m[vite][22m[39m [32mhmr update [39m[2m/src/components/Navbar.tsx, /src/index.css[22m
[2m4:54:38 PM[22m [36m[1m[vite][22m[39m [32mhmr update [39m[2m/src/App.tsx, /src/index.css[22m
[2m4:54:50 PM[22m [36m[1m[vite][22m[39m [32mhmr update [39m[2m/src/App.tsx, /src/index.css[22m
[2m4:54:57 PM[22m [36m[1m[vite][22m[39m [32mhmr update [39m[2m/src/App.tsx, /src/index.css[22m
[2m5:14:43 PM[22m [36m[1m[vite][22m[39m [32mhmr update [39m[2m/src/App.tsx, /src/index.css[22m
[2m5:14:53 PM[22m [36m[1m[vite][22m[39m [32mhmr update [39m[2m/src/App.tsx, /src/index.css[22m
[2m5:15:36 PM[22m [36m[1m[vite][22m[39m [32mhmr update [39m[2m/src/App.tsx, /src/index.css[22m
[2m5:15:42 PM[22m [36m[1m[vite][22m[39m [32mhmr update [39m[2m/src/App.tsx, /src/index.css[22m
[2m5:22:11 PM[22m [36m[1m[vite][22m[39m [32mpage reload [39m[2mtailwind.config.ts[22m
[2m5:22:24 PM[22m [36m[1m[vite][22m[39m [32mhmr update [39m[2m/src/index.css[22m
[2m5:22:50 PM[22m [36m[1m[vite][22m[39m [32mhmr update [39m[2m/src/components/Navbar.tsx, /src/index.css[22m
[2m5:23:01 PM[22m [36m[1m[vite][22m[39m [32mhmr update [39m[2m/src/App.tsx, /src/index.css[22m
[2m5:23:07 PM[22m [36m[1m[vite][22m[39m [32mhmr update [39m[2m/src/App.tsx, /src/index.css[22m
[2m5:23:26 PM[22m [36m[1m[vite][22m[39m [32mhmr update [39m[2m/src/pages/Login.tsx, /src/index.css[22m
[2m5:24:10 PM[22m [36m[1m[vite][22m[39m [32mhmr update [39m[2m/src/pages/Guard/Console.tsx, /src/index.css[22m
[2m5:25:03 PM[22m [36m[1m[vite][22m[39m [32mhmr update [39m[2m/src/pages/Guard/VisitorForm.tsx, /src/index.css[22m
[2m5:25:40 PM[22m [36m[1m[vite][22m[39m [32mhmr update [39m[2m/src/pages/HOD/Approvals.tsx, /src/index.css[22m
[2m5:26:18 PM[22m [36m[1m[vite][22m[39m [32mhmr update [39m[2m/src/pages/Admin/AdminPanel.tsx, /src/index.css[22m
[2m5:26:48 PM[22m [36m[1m[vite][22m[39m [32mhmr update [39m[2m/src/pages/Shared/WhosInside.tsx, /src/index.css[22m
[2m5:27:18 PM[22m [36m[1m[vite][22m[39m [32mhmr update [39m[2m/src/pages/Shared/GatePassList.tsx, /src/index.css[22m
[2m5:27:52 PM[22m [36m[1m[vite][22m[39m [32mhmr update [39m[2m/src/pages/Shared/GatePassForm.tsx, /src/index.css[22m
[2m5:29:45 PM[22m [36m[1m[vite][22m[39m [32mhmr update [39m[2m/src/pages/Shared/Reports.tsx, /src/index.css[22m
[2m5:30:08 PM[22m [36m[1m[vite][22m[39m [32mhmr update [39m[2m/src/components/Badge.tsx, /src/index.css[22m
[2m5:30:17 PM[22m [36m[1m[vite][22m[39m [32mhmr update [39m[2m/src/pages/NotFound.tsx, /src/index.css[22m
[2m5:36:43 PM[22m [36m[1m[vite][22m[39m [32mvite.config.ts changed, restarting server...[39m
[2m5:36:43 PM[22m [36m[1m[vite][22m[39m server restarted.
node.exe : [2m5:36:44 PM[22m [31m[1m[vite][22m[39m [31mInternal server error: [postcss] 
C:/Users/ASUS/Desktop/VMS/src/index.css:3:1: The `bg-brand-200` class does not exist. If `bg-brand-200` is a custom 
class, make sure it is defined within a `@layer` directive.[39m
At line:1 char:1
+ & "C:\Program Files\nodejs/node.exe" "C:\Users\ASUS\AppData\Roaming\n ...
+ ~~~~~~~~~~~~~~~~~~~~~~~~~~~~~~~~~~~~~~~~~~~~~~~~~~~~~~~~~~~~~~~~~~~~~
    + CategoryInfo          : NotSpecified: ([2m5:36:44 PM...directive.[39m:String) [], RemoteException
    + FullyQualifiedErrorId : NativeCommandError
 
  Plugin: [35mvite:css[39m
  File: [36mC:/Users/ASUS/Desktop/VMS/src/index.css[39m:3:0
[33m  1  |  @import url('https://fonts.googleapis.com/css2?family=Inter:wght@400;500;600;700;800&display=swap');
  2  |  
  3  |  @tailwind base;
     |  ^
  4  |  @tailwind components;
  5  |  @tailwind utilities;[39m
      at Input.error (C:\Users\ASUS\Desktop\VMS\node_modules\postcss\lib\input.js:135:16)
      at AtRule.error (C:\Users\ASUS\Desktop\VMS\node_modules\postcss\lib\node.js:166:32)
      at processApply (C:\Users\ASUS\Desktop\VMS\node_modules\tailwindcss\lib\lib\expandApplyAtRules.js:380:29)
      at C:\Users\ASUS\Desktop\VMS\node_modules\tailwindcss\lib\lib\expandApplyAtRules.js:551:9
      at C:\Users\ASUS\Desktop\VMS\node_modules\tailwindcss\lib\processTailwindFeatures.js:55:50
      at async plugins (C:\Users\ASUS\Desktop\VMS\node_modules\tailwindcss\lib\plugin.js:38:17)
      at async LazyResult.runAsync (C:\Users\ASUS\Desktop\VMS\node_modules\postcss\lib\lazy-result.js:299:11)
      at async compileCSS 
(file:///C:/Users/ASUS/Desktop/VMS/node_modules/vite/dist/node/chunks/dep-BK3b2jBa.js:36898:21)
      at async TransformPluginContext.transform 
(file:///C:/Users/ASUS/Desktop/VMS/node_modules/vite/dist/node/chunks/dep-BK3b2jBa.js:36171:11)
      at async PluginContainer.transform 
(file:///C:/Users/ASUS/Desktop/VMS/node_modules/vite/dist/node/chunks/dep-BK3b2jBa.js:49099:18)
      at async loadAndTransform 
(file:///C:/Users/ASUS/Desktop/VMS/node_modules/vite/dist/node/chunks/dep-BK3b2jBa.js:51978:27)
[2m5:36:44 PM[22m [31m[1m[vite][22m[39m Pre-transform error: [postcss] 
C:/Users/ASUS/Desktop/VMS/src/index.css:3:1: The `bg-brand-200` class does not exist. If `bg-brand-200` is a custom 
class, make sure it is defined within a `@layer` directive.
[2m5:40:47 PM[22m [36m[1m[vite][22m[39m [32mhmr update [39m[2m/src/components/Navbar.tsx[22m
[2m5:41:07 PM[22m [36m[1m[vite][22m[39m [32mhmr update [39m[2m/src/pages/Login.tsx[22m
[2m5:41:29 PM[22m [36m[1m[vite][22m[39m [32mhmr update [39m[2m/src/App.tsx[22m
[2m5:41:36 PM[22m [36m[1m[vite][22m[39m [32mhmr update [39m[2m/src/App.tsx[22m
[2m5:42:26 PM[22m [36m[1m[vite][22m[39m [32mhmr update [39m[2m/src/pages/Guard/Console.tsx[22m
[2m5:43:11 PM[22m [36m[1m[vite][22m[39m [32mhmr update [39m[2m/src/pages/Guard/VisitorForm.tsx[22m
[2m5:43:48 PM[22m [36m[1m[vite][22m[39m [32mhmr update [39m[2m/src/pages/HOD/Approvals.tsx[22m
[2m5:44:28 PM[22m [36m[1m[vite][22m[39m [32mhmr update [39m[2m/src/pages/Admin/AdminPanel.tsx[22m
[2m5:44:52 PM[22m [36m[1m[vite][22m[39m [32mhmr update [39m[2m/src/pages/Shared/WhosInside.tsx[22m
[2m5:46:53 PM[22m [36m[1m[vite][22m[39m [32mhmr update [39m[2m/src/pages/Shared/GatePassList.tsx[22m
[2m5:47:26 PM[22m [36m[1m[vite][22m[39m [32mhmr update [39m[2m/src/pages/Shared/GatePassForm.tsx[22m
[2m5:48:02 PM[22m [36m[1m[vite][22m[39m [32mhmr update [39m[2m/src/pages/Shared/Reports.tsx[22m
[2m5:48:22 PM[22m [36m[1m[vite][22m[39m [32mhmr update [39m[2m/src/components/Badge.tsx[22m
[2m5:48:33 PM[22m [36m[1m[vite][22m[39m [32mhmr update [39m[2m/src/pages/NotFound.tsx[22m
[2m5:48:58 PM[22m [36m[1m[vite][22m[39m [32mhmr update [39m[2m/src/components/PhotoCapture.tsx[22m
[2m5:56:44 PM[22m [36m[1m[vite][22m[39m [32mhmr update [39m[2m/src/App.tsx[22m
[2m5:56:50 PM[22m [36m[1m[vite][22m[39m [32mhmr update [39m[2m/src/App.tsx[22m
[2m6:10:13 PM[22m [36m[1m[vite][22m[39m [32mhmr update [39m[2m/src/pages/Guard/VisitorForm.tsx[22m
[2m6:10:26 PM[22m [36m[1m[vite][22m[39m [32mhmr update [39m[2m/src/pages/HOD/Approvals.tsx[22m
[2m6:10:37 PM[22m [36m[1m[vite][22m[39m [32mhmr update [39m[2m/src/pages/Guard/Console.tsx[22m
[2m6:24:59 PM[22m [36m[1m[vite][22m[39m [32mvite.config.ts changed, restarting server...[39m
[2m6:24:59 PM[22m [36m[1m[vite][22m[39m server restarted.
[2m6:25:00 PM[22m [31m[1m[vite][22m[39m Pre-transform error: [postcss] 
C:/Users/ASUS/Desktop/VMS/src/index.css:3:1: The `text-navy-900` class does not exist. If `text-navy-900` is a custom 
class, make sure it is defined within a `@layer` directive.
[2m6:25:40 PM[22m [36m[1m[vite][22m[39m [32mhmr update [39m[2m/src/pages/Admin/AdminPanel.tsx[22m
[2m6:37:33 PM[22m [36m[1m[vite][22m[39m [32mhmr update [39m[2m/src/pages/Guard/VisitorForm.tsx[22m
[2m6:38:47 PM[22m [36m[1m[vite][22m[39m [32mhmr update [39m[2m/src/pages/Guard/Console.tsx[22m
[2m6:39:27 PM[22m [36m[1m[vite][22m[39m [32mhmr update [39m[2m/src/pages/Guard/VisitorForm.tsx[22m
[2m6:51:15 PM[22m [36m[1m[vite][22m[39m [32mhmr update [39m[2m/src/pages/Shared/WhosInside.tsx[22m
[2m6:51:35 PM[22m [36m[1m[vite][22m[39m [32mhmr update [39m[2m/src/pages/Guard/Console.tsx[22m
[2m6:51:46 PM[22m [36m[1m[vite][22m[39m [32mhmr update [39m[2m/src/pages/Guard/VisitorForm.tsx[22m
[2m6:51:51 PM[22m [36m[1m[vite][22m[39m [32mhmr update [39m[2m/src/pages/Guard/VisitorForm.tsx[22m
[2m6:51:57 PM[22m [36m[1m[vite][22m[39m [32mhmr update [39m[2m/src/pages/Guard/VisitorForm.tsx[22m
[2m6:58:49 PM[22m [31m[1m[vite][22m[39m [31mInternal server error: [postcss] 
C:/Users/ASUS/Desktop/VMS/src/index.css:3:1: The `text-navy-900` class does not exist. If `text-navy-900` is a custom 
class, make sure it is defined within a `@layer` directive.[39m
  Plugin: [35mvite:css[39m
  File: [36mC:/Users/ASUS/Desktop/VMS/src/index.css[39m:3:0
[33m  1  |  @import url('https://fonts.googleapis.com/css2?family=Inter:wght@400;500;600;700;800&display=swap');
  2  |  
  3  |  @tailwind base;
     |  ^
  4  |  @tailwind components;
  5  |  @tailwind utilities;[39m
      at Input.error (C:\Users\ASUS\Desktop\VMS\node_modules\postcss\lib\input.js:135:16)
      at AtRule.error (C:\Users\ASUS\Desktop\VMS\node_modules\postcss\lib\node.js:166:32)
      at processApply (C:\Users\ASUS\Desktop\VMS\node_modules\tailwindcss\lib\lib\expandApplyAtRules.js:380:29)
      at C:\Users\ASUS\Desktop\VMS\node_modules\tailwindcss\lib\lib\expandApplyAtRules.js:551:9
      at C:\Users\ASUS\Desktop\VMS\node_modules\tailwindcss\lib\processTailwindFeatures.js:55:50
      at async plugins (C:\Users\ASUS\Desktop\VMS\node_modules\tailwindcss\lib\plugin.js:38:17)
      at async LazyResult.runAsync (C:\Users\ASUS\Desktop\VMS\node_modules\postcss\lib\lazy-result.js:299:11)
      at async compileCSS 
(file:///C:/Users/ASUS/Desktop/VMS/node_modules/vite/dist/node/chunks/dep-BK3b2jBa.js:36898:21)
      at async TransformPluginContext.transform 
(file:///C:/Users/ASUS/Desktop/VMS/node_modules/vite/dist/node/chunks/dep-BK3b2jBa.js:36171:11)
      at async PluginContainer.transform 
(file:///C:/Users/ASUS/Desktop/VMS/node_modules/vite/dist/node/chunks/dep-BK3b2jBa.js:49099:18)
      at async loadAndTransform 
(file:///C:/Users/ASUS/Desktop/VMS/node_modules/vite/dist/node/chunks/dep-BK3b2jBa.js:51978:27)
[2m6:58:49 PM[22m [31m[1m[vite][22m[39m Pre-transform error: [postcss] 
C:/Users/ASUS/Desktop/VMS/src/index.css:3:1: The `text-navy-900` class does not exist. If `text-navy-900` is a custom 
class, make sure it is defined within a `@layer` directive.
[2m6:58:53 PM[22m [31m[1m[vite][22m[39m [31mInternal server error: [postcss] 
C:/Users/ASUS/Desktop/VMS/src/index.css:3:1: The `text-navy-900` class does not exist. If `text-navy-900` is a custom 
class, make sure it is defined within a `@layer` directive.[39m
  Plugin: [35mvite:css[39m
  File: [36mC:/Users/ASUS/Desktop/VMS/src/index.css[39m:3:0
[33m  1  |  @import url('https://fonts.googleapis.com/css2?family=Inter:wght@400;500;600;700;800&display=swap');
  2  |  
  3  |  @tailwind base;
     |  ^
  4  |  @tailwind components;
  5  |  @tailwind utilities;[39m
      at Input.error (C:\Users\ASUS\Desktop\VMS\node_modules\postcss\lib\input.js:135:16)
      at AtRule.error (C:\Users\ASUS\Desktop\VMS\node_modules\postcss\lib\node.js:166:32)
      at processApply (C:\Users\ASUS\Desktop\VMS\node_modules\tailwindcss\lib\lib\expandApplyAtRules.js:380:29)
      at C:\Users\ASUS\Desktop\VMS\node_modules\tailwindcss\lib\lib\expandApplyAtRules.js:551:9
      at C:\Users\ASUS\Desktop\VMS\node_modules\tailwindcss\lib\processTailwindFeatures.js:55:50
      at async plugins (C:\Users\ASUS\Desktop\VMS\node_modules\tailwindcss\lib\plugin.js:38:17)
      at async LazyResult.runAsync (C:\Users\ASUS\Desktop\VMS\node_modules\postcss\lib\lazy-result.js:299:11)
      at async compileCSS 
(file:///C:/Users/ASUS/Desktop/VMS/node_modules/vite/dist/node/chunks/dep-BK3b2jBa.js:36898:21)
      at async TransformPluginContext.transform 
(file:///C:/Users/ASUS/Desktop/VMS/node_modules/vite/dist/node/chunks/dep-BK3b2jBa.js:36171:11)
      at async PluginContainer.transform 
(file:///C:/Users/ASUS/Desktop/VMS/node_modules/vite/dist/node/chunks/dep-BK3b2jBa.js:49099:18)
      at async loadAndTransform 
(file:///C:/Users/ASUS/Desktop/VMS/node_modules/vite/dist/node/chunks/dep-BK3b2jBa.js:51978:27)
      at async viteTransformMiddleware 
(file:///C:/Users/ASUS/Desktop/VMS/node_modules/vite/dist/node/chunks/dep-BK3b2jBa.js:62106:24)
[2m7:06:02 PM[22m [36m[1m[vite][22m[39m [32mhmr update [39m[2m/src/pages/HOD/Approvals.tsx[22m
[2m7:08:02 PM[22m [36m[1m[vite][22m[39m [32mhmr update [39m[2m/src/pages/HOD/Approvals.tsx[22m
[2m7:08:18 PM[22m [36m[1m[vite][22m[39m [32mhmr update [39m[2m/src/pages/HOD/Approvals.tsx[22m
[2m7:08:26 PM[22m [36m[1m[vite][22m[39m [32mhmr update [39m[2m/src/pages/HOD/Approvals.tsx[22m
[2m7:44:43 PM[22m [36m[1m[vite][22m[39m [32mhmr update [39m[2m/src/pages/HOD/Approvals.tsx[22m
[2m7:45:01 PM[22m [36m[1m[vite][22m[39m [32mhmr update [39m[2m/src/pages/HOD/Approvals.tsx[22m
[2m7:45:08 PM[22m [36m[1m[vite][22m[39m [32mhmr update [39m[2m/src/pages/HOD/Approvals.tsx[22m
[2m7:46:49 PM[22m [36m[1m[vite][22m[39m [32mhmr update [39m[2m/src/pages/Shared/WhosInside.tsx[22m
[2m7:46:56 PM[22m [36m[1m[vite][22m[39m [32mhmr update [39m[2m/src/pages/Shared/WhosInside.tsx[22m
[2m7:47:17 PM[22m [36m[1m[vite][22m[39m [32mhmr update [39m[2m/src/pages/Guard/Console.tsx[22m
[2m7:47:25 PM[22m [36m[1m[vite][22m[39m [32mhmr update [39m[2m/src/pages/Guard/Console.tsx[22m
[2m7:47:31 PM[22m [36m[1m[vite][22m[39m [32mhmr update [39m[2m/src/pages/Shared/Reports.tsx[22m
[2m7:47:38 PM[22m [36m[1m[vite][22m[39m [32mhmr update [39m[2m/src/pages/Shared/Reports.tsx[22m
[2m7:47:59 PM[22m [36m[1m[vite][22m[39m [32mhmr update [39m[2m/src/pages/Shared/Reports.tsx[22m
[2m7:50:28 PM[22m [36m[1m[vite][22m[39m [32mhmr update [39m[2m/src/pages/Guard/VisitorForm.tsx[22m
[2m7:50:38 PM[22m [36m[1m[vite][22m[39m [32mhmr update [39m[2m/src/components/PhotoCapture.tsx[22m
[2m7:50:48 PM[22m [36m[1m[vite][22m[39m [32mhmr update [39m[2m/src/components/PhotoCapture.tsx[22m
[2m7:54:18 PM[22m [31m[1m[vite][22m[39m [31mInternal server error: [postcss] 
C:/Users/ASUS/Desktop/VMS/src/index.css:3:1: The `text-navy-900` class does not exist. If `text-navy-900` is a custom 
class, make sure it is defined within a `@layer` directive.[39m
  Plugin: [35mvite:css[39m
  File: [36mC:/Users/ASUS/Desktop/VMS/src/index.css[39m:3:0
[33m  1  |  @import url('https://fonts.googleapis.com/css2?family=Inter:wght@400;500;600;700;800&display=swap');
  2  |  
  3  |  @tailwind base;
     |  ^
  4  |  @tailwind components;
  5  |  @tailwind utilities;[39m
      at Input.error (C:\Users\ASUS\Desktop\VMS\node_modules\postcss\lib\input.js:135:16)
      at AtRule.error (C:\Users\ASUS\Desktop\VMS\node_modules\postcss\lib\node.js:166:32)
      at processApply (C:\Users\ASUS\Desktop\VMS\node_modules\tailwindcss\lib\lib\expandApplyAtRules.js:380:29)
      at C:\Users\ASUS\Desktop\VMS\node_modules\tailwindcss\lib\lib\expandApplyAtRules.js:551:9
      at C:\Users\ASUS\Desktop\VMS\node_modules\tailwindcss\lib\processTailwindFeatures.js:55:50
      at async plugins (C:\Users\ASUS\Desktop\VMS\node_modules\tailwindcss\lib\plugin.js:38:17)
      at async LazyResult.runAsync (C:\Users\ASUS\Desktop\VMS\node_modules\postcss\lib\lazy-result.js:299:11)
      at async compileCSS 
(file:///C:/Users/ASUS/Desktop/VMS/node_modules/vite/dist/node/chunks/dep-BK3b2jBa.js:36898:21)
      at async TransformPluginContext.transform 
(file:///C:/Users/ASUS/Desktop/VMS/node_modules/vite/dist/node/chunks/dep-BK3b2jBa.js:36171:11)
      at async PluginContainer.transform 
(file:///C:/Users/ASUS/Desktop/VMS/node_modules/vite/dist/node/chunks/dep-BK3b2jBa.js:49099:18)
      at async loadAndTransform 
(file:///C:/Users/ASUS/Desktop/VMS/node_modules/vite/dist/node/chunks/dep-BK3b2jBa.js:51978:27)
[2m7:54:18 PM[22m [31m[1m[vite][22m[39m Pre-transform error: [postcss] 
C:/Users/ASUS/Desktop/VMS/src/index.css:3:1: The `text-navy-900` class does not exist. If `text-navy-900` is a custom 
class, make sure it is defined within a `@layer` directive.
[2m7:54:22 PM[22m [31m[1m[vite][22m[39m [31mInternal server error: [postcss] 
C:/Users/ASUS/Desktop/VMS/src/index.css:3:1: The `text-navy-900` class does not exist. If `text-navy-900` is a custom 
class, make sure it is defined within a `@layer` directive.[39m
  Plugin: [35mvite:css[39m
  File: [36mC:/Users/ASUS/Desktop/VMS/src/index.css[39m:3:0
[33m  1  |  @import url('https://fonts.googleapis.com/css2?family=Inter:wght@400;500;600;700;800&display=swap');
  2  |  
  3  |  @tailwind base;
     |  ^
  4  |  @tailwind components;
  5  |  @tailwind utilities;[39m
      at Input.error (C:\Users\ASUS\Desktop\VMS\node_modules\postcss\lib\input.js:135:16)
      at AtRule.error (C:\Users\ASUS\Desktop\VMS\node_modules\postcss\lib\node.js:166:32)
      at processApply (C:\Users\ASUS\Desktop\VMS\node_modules\tailwindcss\lib\lib\expandApplyAtRules.js:380:29)
      at C:\Users\ASUS\Desktop\VMS\node_modules\tailwindcss\lib\lib\expandApplyAtRules.js:551:9
      at C:\Users\ASUS\Desktop\VMS\node_modules\tailwindcss\lib\processTailwindFeatures.js:55:50
      at async plugins (C:\Users\ASUS\Desktop\VMS\node_modules\tailwindcss\lib\plugin.js:38:17)
      at async LazyResult.runAsync (C:\Users\ASUS\Desktop\VMS\node_modules\postcss\lib\lazy-result.js:299:11)
      at async compileCSS 
(file:///C:/Users/ASUS/Desktop/VMS/node_modules/vite/dist/node/chunks/dep-BK3b2jBa.js:36898:21)
      at async TransformPluginContext.transform 
(file:///C:/Users/ASUS/Desktop/VMS/node_modules/vite/dist/node/chunks/dep-BK3b2jBa.js:36171:11)
      at async PluginContainer.transform 
(file:///C:/Users/ASUS/Desktop/VMS/node_modules/vite/dist/node/chunks/dep-BK3b2jBa.js:49099:18)
      at async loadAndTransform 
(file:///C:/Users/ASUS/Desktop/VMS/node_modules/vite/dist/node/chunks/dep-BK3b2jBa.js:51978:27)
      at async viteTransformMiddleware 
(file:///C:/Users/ASUS/Desktop/VMS/node_modules/vite/dist/node/chunks/dep-BK3b2jBa.js:62106:24)
